2025-03-22 21:32:19,583 - utils.s3_utils - INFO - Bucket youtube-trending-analysis does not exist. Creating...
2025-03-22 21:32:20,054 - utils.s3_utils - INFO - Bucket youtube-trending-analysis created successfully.
Dash is running on http://0.0.0.0:8050/

2025-03-22 21:32:20,067 - dash.dash - INFO - Dash is running on http://0.0.0.0:8050/

 * Serving Flask app 'app'
 * Debug mode: on
2025-03-22 21:32:22,141 - utils.s3_utils - INFO - Bucket youtube-trending-analysis exists.
/home/haikal/youtube_trending_analysis/dashboard/app.py:71: RemovedIn20Warning:

Deprecated API features detected! These feature(s) are not compatible with SQLAlchemy 2.0. To prevent incompatible upgrades prior to updating applications, ensure requirements files are pinned to "sqlalchemy<2.0". Set environment variable SQLALCHEMY_WARN_20=1 to show all deprecation warnings.  Set environment variable SQLALCHEMY_SILENCE_UBER_WARNING=1 to silence this message. (Background on SQLAlchemy 2.0 at: https://sqlalche.me/e/b8d9)

2025-03-22 22:04:03,733 - utils.s3_utils - INFO - Bucket youtube-trending-analysis exists.
/home/haikal/youtube_trending_analysis/dashboard/app.py:71: RemovedIn20Warning:

Deprecated API features detected! These feature(s) are not compatible with SQLAlchemy 2.0. To prevent incompatible upgrades prior to updating applications, ensure requirements files are pinned to "sqlalchemy<2.0". Set environment variable SQLALCHEMY_WARN_20=1 to show all deprecation warnings.  Set environment variable SQLALCHEMY_SILENCE_UBER_WARNING=1 to silence this message. (Background on SQLAlchemy 2.0 at: https://sqlalche.me/e/b8d9)

2025-03-22 22:06:31,788 - utils.s3_utils - INFO - Bucket youtube-trending-analysis exists.
2025-03-22 22:06:36,259 - utils.s3_utils - INFO - Bucket youtube-trending-analysis exists.
/home/haikal/youtube_trending_analysis/dashboard/app.py:71: RemovedIn20Warning:

Deprecated API features detected! These feature(s) are not compatible with SQLAlchemy 2.0. To prevent incompatible upgrades prior to updating applications, ensure requirements files are pinned to "sqlalchemy<2.0". Set environment variable SQLALCHEMY_WARN_20=1 to show all deprecation warnings.  Set environment variable SQLALCHEMY_SILENCE_UBER_WARNING=1 to silence this message. (Background on SQLAlchemy 2.0 at: https://sqlalche.me/e/b8d9)

2025-03-22 22:08:32,563 - utils.s3_utils - INFO - Bucket youtube-trending-analysis exists.
/home/haikal/youtube_trending_analysis/dashboard/app.py:71: RemovedIn20Warning:

Deprecated API features detected! These feature(s) are not compatible with SQLAlchemy 2.0. To prevent incompatible upgrades prior to updating applications, ensure requirements files are pinned to "sqlalchemy<2.0". Set environment variable SQLALCHEMY_WARN_20=1 to show all deprecation warnings.  Set environment variable SQLALCHEMY_SILENCE_UBER_WARNING=1 to silence this message. (Background on SQLAlchemy 2.0 at: https://sqlalche.me/e/b8d9)

2025-03-22 22:15:17,139 - utils.s3_utils - INFO - Bucket youtube-trending-analysis exists.
/home/haikal/youtube_trending_analysis/dashboard/app.py:71: RemovedIn20Warning:

Deprecated API features detected! These feature(s) are not compatible with SQLAlchemy 2.0. To prevent incompatible upgrades prior to updating applications, ensure requirements files are pinned to "sqlalchemy<2.0". Set environment variable SQLALCHEMY_WARN_20=1 to show all deprecation warnings.  Set environment variable SQLALCHEMY_SILENCE_UBER_WARNING=1 to silence this message. (Background on SQLAlchemy 2.0 at: https://sqlalche.me/e/b8d9)

2025-03-22 22:15:27,926 - utils.s3_utils - INFO - Bucket youtube-trending-analysis exists.
/home/haikal/youtube_trending_analysis/dashboard/app.py:71: RemovedIn20Warning:

Deprecated API features detected! These feature(s) are not compatible with SQLAlchemy 2.0. To prevent incompatible upgrades prior to updating applications, ensure requirements files are pinned to "sqlalchemy<2.0". Set environment variable SQLALCHEMY_WARN_20=1 to show all deprecation warnings.  Set environment variable SQLALCHEMY_SILENCE_UBER_WARNING=1 to silence this message. (Background on SQLAlchemy 2.0 at: https://sqlalche.me/e/b8d9)

2025-03-22 22:21:25,685 - utils.s3_utils - INFO - Bucket youtube-trending-analysis exists.
2025-03-22 22:21:35,874 - utils.s3_utils - INFO - Bucket youtube-trending-analysis exists.
/home/haikal/youtube_trending_analysis/dashboard/app.py:71: RemovedIn20Warning:

Deprecated API features detected! These feature(s) are not compatible with SQLAlchemy 2.0. To prevent incompatible upgrades prior to updating applications, ensure requirements files are pinned to "sqlalchemy<2.0". Set environment variable SQLALCHEMY_WARN_20=1 to show all deprecation warnings.  Set environment variable SQLALCHEMY_SILENCE_UBER_WARNING=1 to silence this message. (Background on SQLAlchemy 2.0 at: https://sqlalche.me/e/b8d9)

